<?xml version="1.0" encoding="UTF-8"?>
<!-- Generated by org.testng.reporters.JUnitXMLReporter -->
<testsuite hostname="slm-PC" ignored="0" name="Default test" tests="100" failures="0" timestamp="05 六月 2017 05:18:54 GMT" time="1.686" errors="0">
  <testcase name="test1" time="0.291" classname="com.demo.test.NewTest"/>
  <testcase name="test1" time="0.312" classname="com.demo.test.NewTest"/>
  <testcase name="test1" time="0.368" classname="com.demo.test.NewTest"/>
  <testcase name="test1" time="0.383" classname="com.demo.test.NewTest"/>
  <testcase name="test1" time="0.385" classname="com.demo.test.NewTest"/>
  <testcase name="test1" time="0.388" classname="com.demo.test.NewTest"/>
  <testcase name="test1" time="0.369" classname="com.demo.test.NewTest"/>
  <testcase name="test1" time="0.389" classname="com.demo.test.NewTest"/>
  <testcase name="test1" time="0.408" classname="com.demo.test.NewTest"/>
  <testcase name="test1" time="0.422" classname="com.demo.test.NewTest"/>
  <testcase name="test1" time="0.458" classname="com.demo.test.NewTest"/>
  <testcase name="test1" time="0.451" classname="com.demo.test.NewTest"/>
  <testcase name="test1" time="0.437" classname="com.demo.test.NewTest"/>
  <testcase name="test1" time="0.48" classname="com.demo.test.NewTest"/>
  <testcase name="test1" time="0.476" classname="com.demo.test.NewTest"/>
  <testcase name="test1" time="0.461" classname="com.demo.test.NewTest"/>
  <testcase name="test1" time="0.48" classname="com.demo.test.NewTest"/>
  <testcase name="test1" time="0.471" classname="com.demo.test.NewTest"/>
  <testcase name="test1" time="0.475" classname="com.demo.test.NewTest"/>
  <testcase name="test1" time="0.499" classname="com.demo.test.NewTest"/>
  <testcase name="test1" time="0.482" classname="com.demo.test.NewTest"/>
  <testcase name="test1" time="0.482" classname="com.demo.test.NewTest"/>
  <testcase name="test1" time="0.506" classname="com.demo.test.NewTest"/>
  <testcase name="test1" time="0.526" classname="com.demo.test.NewTest"/>
  <testcase name="test1" time="0.534" classname="com.demo.test.NewTest"/>
  <testcase name="test1" time="0.231" classname="com.demo.test.NewTest"/>
  <testcase name="test1" time="0.525" classname="com.demo.test.NewTest"/>
  <testcase name="test1" time="0.552" classname="com.demo.test.NewTest"/>
  <testcase name="test1" time="0.556" classname="com.demo.test.NewTest"/>
  <testcase name="test1" time="0.202" classname="com.demo.test.NewTest"/>
  <testcase name="test1" time="0.595" classname="com.demo.test.NewTest"/>
  <testcase name="test1" time="0.592" classname="com.demo.test.NewTest"/>
  <testcase name="test1" time="0.183" classname="com.demo.test.NewTest"/>
  <testcase name="test1" time="0.599" classname="com.demo.test.NewTest"/>
  <testcase name="test1" time="0.267" classname="com.demo.test.NewTest"/>
  <testcase name="test1" time="0.605" classname="com.demo.test.NewTest"/>
  <testcase name="test1" time="0.58" classname="com.demo.test.NewTest"/>
  <testcase name="test1" time="0.585" classname="com.demo.test.NewTest"/>
  <testcase name="test1" time="0.604" classname="com.demo.test.NewTest"/>
  <testcase name="test1" time="0.609" classname="com.demo.test.NewTest"/>
  <testcase name="test1" time="0.604" classname="com.demo.test.NewTest"/>
  <testcase name="test1" time="0.207" classname="com.demo.test.NewTest"/>
  <testcase name="test1" time="0.21" classname="com.demo.test.NewTest"/>
  <testcase name="test1" time="0.214" classname="com.demo.test.NewTest"/>
  <testcase name="test1" time="0.203" classname="com.demo.test.NewTest"/>
  <testcase name="test1" time="0.586" classname="com.demo.test.NewTest"/>
  <testcase name="test1" time="0.587" classname="com.demo.test.NewTest"/>
  <testcase name="test1" time="0.586" classname="com.demo.test.NewTest"/>
  <testcase name="test1" time="0.61" classname="com.demo.test.NewTest"/>
  <testcase name="test1" time="0.588" classname="com.demo.test.NewTest"/>
  <testcase name="test1" time="0.201" classname="com.demo.test.NewTest"/>
  <testcase name="test1" time="0.589" classname="com.demo.test.NewTest"/>
  <testcase name="test1" time="0.194" classname="com.demo.test.NewTest"/>
  <testcase name="test1" time="0.69" classname="com.demo.test.NewTest"/>
  <testcase name="test1" time="0.694" classname="com.demo.test.NewTest"/>
  <testcase name="test1" time="0.697" classname="com.demo.test.NewTest"/>
  <testcase name="test1" time="0.109" classname="com.demo.test.NewTest"/>
  <testcase name="test1" time="0.259" classname="com.demo.test.NewTest"/>
  <testcase name="test1" time="0.166" classname="com.demo.test.NewTest"/>
  <testcase name="test1" time="0.098" classname="com.demo.test.NewTest"/>
  <testcase name="test1" time="0.154" classname="com.demo.test.NewTest"/>
  <testcase name="test1" time="0.209" classname="com.demo.test.NewTest"/>
  <testcase name="test1" time="0.149" classname="com.demo.test.NewTest"/>
  <testcase name="test1" time="0.114" classname="com.demo.test.NewTest"/>
  <testcase name="test1" time="0.146" classname="com.demo.test.NewTest"/>
  <testcase name="test1" time="0.13" classname="com.demo.test.NewTest"/>
  <testcase name="test1" time="0.127" classname="com.demo.test.NewTest"/>
  <testcase name="test1" time="0.73" classname="com.demo.test.NewTest"/>
  <testcase name="test1" time="0.249" classname="com.demo.test.NewTest"/>
  <testcase name="test1" time="0.206" classname="com.demo.test.NewTest"/>
  <testcase name="test1" time="0.226" classname="com.demo.test.NewTest"/>
  <testcase name="test1" time="0.708" classname="com.demo.test.NewTest"/>
  <testcase name="test1" time="0.129" classname="com.demo.test.NewTest"/>
  <testcase name="test1" time="0.25" classname="com.demo.test.NewTest"/>
  <testcase name="test1" time="0.248" classname="com.demo.test.NewTest"/>
  <testcase name="test1" time="0.262" classname="com.demo.test.NewTest"/>
  <testcase name="test1" time="0.268" classname="com.demo.test.NewTest"/>
  <testcase name="test1" time="0.259" classname="com.demo.test.NewTest"/>
  <testcase name="test1" time="0.241" classname="com.demo.test.NewTest"/>
  <testcase name="test1" time="0.234" classname="com.demo.test.NewTest"/>
  <testcase name="test1" time="0.739" classname="com.demo.test.NewTest"/>
  <testcase name="test1" time="0.734" classname="com.demo.test.NewTest"/>
  <testcase name="test1" time="0.248" classname="com.demo.test.NewTest"/>
  <testcase name="test1" time="0.229" classname="com.demo.test.NewTest"/>
  <testcase name="test1" time="0.263" classname="com.demo.test.NewTest"/>
  <testcase name="test1" time="0.017" classname="com.demo.test.NewTest"/>
  <testcase name="test1" time="0.039" classname="com.demo.test.NewTest"/>
  <testcase name="test1" time="0.027" classname="com.demo.test.NewTest"/>
  <testcase name="test1" time="0.055" classname="com.demo.test.NewTest"/>
  <testcase name="test1" time="0.024" classname="com.demo.test.NewTest"/>
  <testcase name="test1" time="0.024" classname="com.demo.test.NewTest"/>
  <testcase name="test1" time="0.058" classname="com.demo.test.NewTest"/>
  <testcase name="test1" time="0.022" classname="com.demo.test.NewTest"/>
  <testcase name="test1" time="0.044" classname="com.demo.test.NewTest"/>
  <testcase name="test1" time="0.034" classname="com.demo.test.NewTest"/>
  <testcase name="test1" time="0.019" classname="com.demo.test.NewTest"/>
  <testcase name="test1" time="0.063" classname="com.demo.test.NewTest"/>
  <testcase name="test1" time="0.327" classname="com.demo.test.NewTest"/>
  <testcase name="test1" time="0.032" classname="com.demo.test.NewTest"/>
  <testcase name="test1" time="1.012" classname="com.demo.test.NewTest"/>
</testsuite> <!-- Default test -->
