<?xml version="1.0" encoding="UTF-8"?>
<!-- Generated by org.testng.reporters.JUnitXMLReporter -->
<testsuite hostname="slm-PC" ignored="0" name="Default test" tests="100" failures="0" timestamp="04 六月 2017 11:40:13 GMT" time="2.567" errors="0">
  <testcase name="test1" time="0.387" classname="com.demo.test.NewTest"/>
  <testcase name="test1" time="0.262" classname="com.demo.test.NewTest"/>
  <testcase name="test1" time="0.295" classname="com.demo.test.NewTest"/>
  <testcase name="test1" time="0.419" classname="com.demo.test.NewTest"/>
  <testcase name="test1" time="0.323" classname="com.demo.test.NewTest"/>
  <testcase name="test1" time="0.312" classname="com.demo.test.NewTest"/>
  <testcase name="test1" time="0.321" classname="com.demo.test.NewTest"/>
  <testcase name="test1" time="0.442" classname="com.demo.test.NewTest"/>
  <testcase name="test1" time="0.442" classname="com.demo.test.NewTest"/>
  <testcase name="test1" time="0.325" classname="com.demo.test.NewTest"/>
  <testcase name="test1" time="0.333" classname="com.demo.test.NewTest"/>
  <testcase name="test1" time="0.347" classname="com.demo.test.NewTest"/>
  <testcase name="test1" time="0.463" classname="com.demo.test.NewTest"/>
  <testcase name="test1" time="0.471" classname="com.demo.test.NewTest"/>
  <testcase name="test1" time="0.389" classname="com.demo.test.NewTest"/>
  <testcase name="test1" time="0.499" classname="com.demo.test.NewTest"/>
  <testcase name="test1" time="0.477" classname="com.demo.test.NewTest"/>
  <testcase name="test1" time="0.477" classname="com.demo.test.NewTest"/>
  <testcase name="test1" time="0.511" classname="com.demo.test.NewTest"/>
  <testcase name="test1" time="0.567" classname="com.demo.test.NewTest"/>
  <testcase name="test1" time="0.573" classname="com.demo.test.NewTest"/>
  <testcase name="test1" time="0.558" classname="com.demo.test.NewTest"/>
  <testcase name="test1" time="0.641" classname="com.demo.test.NewTest"/>
  <testcase name="test1" time="0.583" classname="com.demo.test.NewTest"/>
  <testcase name="test1" time="0.586" classname="com.demo.test.NewTest"/>
  <testcase name="test1" time="0.587" classname="com.demo.test.NewTest"/>
  <testcase name="test1" time="0.571" classname="com.demo.test.NewTest"/>
  <testcase name="test1" time="0.576" classname="com.demo.test.NewTest"/>
  <testcase name="test1" time="0.559" classname="com.demo.test.NewTest"/>
  <testcase name="test1" time="0.689" classname="com.demo.test.NewTest"/>
  <testcase name="test1" time="0.702" classname="com.demo.test.NewTest"/>
  <testcase name="test1" time="0.721" classname="com.demo.test.NewTest"/>
  <testcase name="test1" time="0.642" classname="com.demo.test.NewTest"/>
  <testcase name="test1" time="0.642" classname="com.demo.test.NewTest"/>
  <testcase name="test1" time="0.723" classname="com.demo.test.NewTest"/>
  <testcase name="test1" time="0.721" classname="com.demo.test.NewTest"/>
  <testcase name="test1" time="0.722" classname="com.demo.test.NewTest"/>
  <testcase name="test1" time="0.722" classname="com.demo.test.NewTest"/>
  <testcase name="test1" time="0.721" classname="com.demo.test.NewTest"/>
  <testcase name="test1" time="0.727" classname="com.demo.test.NewTest"/>
  <testcase name="test1" time="0.735" classname="com.demo.test.NewTest"/>
  <testcase name="test1" time="0.733" classname="com.demo.test.NewTest"/>
  <testcase name="test1" time="0.744" classname="com.demo.test.NewTest"/>
  <testcase name="test1" time="0.744" classname="com.demo.test.NewTest"/>
  <testcase name="test1" time="0.675" classname="com.demo.test.NewTest"/>
  <testcase name="test1" time="0.751" classname="com.demo.test.NewTest"/>
  <testcase name="test1" time="0.694" classname="com.demo.test.NewTest"/>
  <testcase name="test1" time="0.694" classname="com.demo.test.NewTest"/>
  <testcase name="test1" time="0.71" classname="com.demo.test.NewTest"/>
  <testcase name="test1" time="0.711" classname="com.demo.test.NewTest"/>
  <testcase name="test1" time="0.375" classname="com.demo.test.NewTest"/>
  <testcase name="test1" time="0.356" classname="com.demo.test.NewTest"/>
  <testcase name="test1" time="0.443" classname="com.demo.test.NewTest"/>
  <testcase name="test1" time="0.445" classname="com.demo.test.NewTest"/>
  <testcase name="test1" time="0.433" classname="com.demo.test.NewTest"/>
  <testcase name="test1" time="0.462" classname="com.demo.test.NewTest"/>
  <testcase name="test1" time="0.304" classname="com.demo.test.NewTest"/>
  <testcase name="test1" time="0.305" classname="com.demo.test.NewTest"/>
  <testcase name="test1" time="0.313" classname="com.demo.test.NewTest"/>
  <testcase name="test1" time="0.354" classname="com.demo.test.NewTest"/>
  <testcase name="test1" time="0.388" classname="com.demo.test.NewTest"/>
  <testcase name="test1" time="0.647" classname="com.demo.test.NewTest"/>
  <testcase name="test1" time="0.664" classname="com.demo.test.NewTest"/>
  <testcase name="test1" time="0.639" classname="com.demo.test.NewTest"/>
  <testcase name="test1" time="0.629" classname="com.demo.test.NewTest"/>
  <testcase name="test1" time="0.455" classname="com.demo.test.NewTest"/>
  <testcase name="test1" time="0.459" classname="com.demo.test.NewTest"/>
  <testcase name="test1" time="0.469" classname="com.demo.test.NewTest"/>
  <testcase name="test1" time="0.679" classname="com.demo.test.NewTest"/>
  <testcase name="test1" time="0.638" classname="com.demo.test.NewTest"/>
  <testcase name="test1" time="0.452" classname="com.demo.test.NewTest"/>
  <testcase name="test1" time="0.586" classname="com.demo.test.NewTest"/>
  <testcase name="test1" time="0.556" classname="com.demo.test.NewTest"/>
  <testcase name="test1" time="0.555" classname="com.demo.test.NewTest"/>
  <testcase name="test1" time="0.675" classname="com.demo.test.NewTest"/>
  <testcase name="test1" time="0.607" classname="com.demo.test.NewTest"/>
  <testcase name="test1" time="1.147" classname="com.demo.test.NewTest"/>
  <testcase name="test1" time="0.935" classname="com.demo.test.NewTest"/>
  <testcase name="test1" time="0.929" classname="com.demo.test.NewTest"/>
  <testcase name="test1" time="0.926" classname="com.demo.test.NewTest"/>
  <testcase name="test1" time="0.932" classname="com.demo.test.NewTest"/>
  <testcase name="test1" time="1.163" classname="com.demo.test.NewTest"/>
  <testcase name="test1" time="1.167" classname="com.demo.test.NewTest"/>
  <testcase name="test1" time="1.185" classname="com.demo.test.NewTest"/>
  <testcase name="test1" time="1.187" classname="com.demo.test.NewTest"/>
  <testcase name="test1" time="1.247" classname="com.demo.test.NewTest"/>
  <testcase name="test1" time="1.26" classname="com.demo.test.NewTest"/>
  <testcase name="test1" time="0.03" classname="com.demo.test.NewTest"/>
  <testcase name="test1" time="0.023" classname="com.demo.test.NewTest"/>
  <testcase name="test1" time="0.021" classname="com.demo.test.NewTest"/>
  <testcase name="test1" time="0.027" classname="com.demo.test.NewTest"/>
  <testcase name="test1" time="0.024" classname="com.demo.test.NewTest"/>
  <testcase name="test1" time="0.074" classname="com.demo.test.NewTest"/>
  <testcase name="test1" time="0.046" classname="com.demo.test.NewTest"/>
  <testcase name="test1" time="0.076" classname="com.demo.test.NewTest"/>
  <testcase name="test1" time="0.078" classname="com.demo.test.NewTest"/>
  <testcase name="test1" time="0.102" classname="com.demo.test.NewTest"/>
  <testcase name="test1" time="0.105" classname="com.demo.test.NewTest"/>
  <testcase name="test1" time="1.669" classname="com.demo.test.NewTest"/>
  <testcase name="test1" time="0.364" classname="com.demo.test.NewTest"/>
</testsuite> <!-- Default test -->
